<?xml version="1.0" encoding="UTF-8"?>
<!-- Generated by org.testng.reporters.JUnitXMLReporter -->
<testsuite hostname="SreeniSeddysMBP.attlocal.net" ignored="0" name="Default test" tests="4" failures="0" timestamp="23 Dec 2018 19:16:42 GMT" time="91.659" errors="0">
  <testcase name="verifyContactsPageLabel" time="0.031" classname="com.jcom.qa.testcases.ContactsPageTest"/>
  <testcase name="selectSingleContactsTest" time="0.07" classname="com.jcom.qa.testcases.ContactsPageTest"/>
  <testcase name="selectMultipleContactsTest" time="0.073" classname="com.jcom.qa.testcases.ContactsPageTest"/>
  <testcase name="validateCreateNewContact" time="3.363" classname="com.jcom.qa.testcases.ContactsPageTest"/>
</testsuite> <!-- Default test -->
