<?xml version="1.0" encoding="UTF-8"?>
<testng-results skipped="0" failed="1" ignored="0" total="9" passed="8">
  <reporter-output>
  </reporter-output>
  <suite name="FREE CRM Application Test Automation Test Suite" duration-ms="134031" started-at="2018-12-23T19:29:04Z" finished-at="2018-12-23T19:31:18Z">
    <groups>
    </groups>
    <test name="Free CRM Sreeni Tests" duration-ms="134031" started-at="2018-12-23T19:29:04Z" finished-at="2018-12-23T19:31:18Z">
      <class name="com.jcom.qa.testcases.ContactsPageTest">
        <test-method status="PASS" signature="setUp()[pri:0, instance:com.jcom.qa.testcases.ContactsPageTest@4f7d0008]" name="setUp" is-config="true" duration-ms="21728" started-at="2018-12-23T19:29:11Z" finished-at="2018-12-23T19:29:33Z">
          <reporter-output>
          </reporter-output>
        </test-method> <!-- setUp -->
        <test-method status="PASS" signature="verifyContactsPageLabel()[pri:1, instance:com.jcom.qa.testcases.ContactsPageTest@4f7d0008]" name="verifyContactsPageLabel" duration-ms="25" started-at="2018-12-23T19:29:33Z" finished-at="2018-12-23T19:29:33Z">
          <reporter-output>
          </reporter-output>
        </test-method> <!-- verifyContactsPageLabel -->
        <test-method status="PASS" signature="tearDown()[pri:0, instance:com.jcom.qa.testcases.ContactsPageTest@4f7d0008]" name="tearDown" is-config="true" duration-ms="139" started-at="2018-12-23T19:29:33Z" finished-at="2018-12-23T19:29:33Z">
          <reporter-output>
          </reporter-output>
        </test-method> <!-- tearDown -->
        <test-method status="PASS" signature="setUp()[pri:0, instance:com.jcom.qa.testcases.ContactsPageTest@4f7d0008]" name="setUp" is-config="true" duration-ms="21120" started-at="2018-12-23T19:30:01Z" finished-at="2018-12-23T19:30:22Z">
          <reporter-output>
          </reporter-output>
        </test-method> <!-- setUp -->
        <test-method status="PASS" signature="selectSingleContactsTest()[pri:2, instance:com.jcom.qa.testcases.ContactsPageTest@4f7d0008]" name="selectSingleContactsTest" duration-ms="73" started-at="2018-12-23T19:30:22Z" finished-at="2018-12-23T19:30:22Z">
          <reporter-output>
          </reporter-output>
        </test-method> <!-- selectSingleContactsTest -->
        <test-method status="PASS" signature="tearDown()[pri:0, instance:com.jcom.qa.testcases.ContactsPageTest@4f7d0008]" name="tearDown" is-config="true" duration-ms="141" started-at="2018-12-23T19:30:22Z" finished-at="2018-12-23T19:30:22Z">
          <reporter-output>
          </reporter-output>
        </test-method> <!-- tearDown -->
        <test-method status="PASS" signature="setUp()[pri:0, instance:com.jcom.qa.testcases.ContactsPageTest@4f7d0008]" name="setUp" is-config="true" duration-ms="21571" started-at="2018-12-23T19:30:33Z" finished-at="2018-12-23T19:30:54Z">
          <reporter-output>
          </reporter-output>
        </test-method> <!-- setUp -->
        <test-method status="PASS" signature="selectMultipleContactsTest()[pri:3, instance:com.jcom.qa.testcases.ContactsPageTest@4f7d0008]" name="selectMultipleContactsTest" duration-ms="86" started-at="2018-12-23T19:30:54Z" finished-at="2018-12-23T19:30:54Z">
          <reporter-output>
          </reporter-output>
        </test-method> <!-- selectMultipleContactsTest -->
        <test-method status="PASS" signature="tearDown()[pri:0, instance:com.jcom.qa.testcases.ContactsPageTest@4f7d0008]" name="tearDown" is-config="true" duration-ms="118" started-at="2018-12-23T19:30:54Z" finished-at="2018-12-23T19:30:55Z">
          <reporter-output>
          </reporter-output>
        </test-method> <!-- tearDown -->
        <test-method status="PASS" signature="setUp()[pri:0, instance:com.jcom.qa.testcases.ContactsPageTest@4f7d0008]" name="setUp" is-config="true" duration-ms="20394" started-at="2018-12-23T19:30:55Z" finished-at="2018-12-23T19:31:15Z">
          <reporter-output>
          </reporter-output>
        </test-method> <!-- setUp -->
        <test-method status="PASS" signature="validateCreateNewContact()[pri:4, instance:com.jcom.qa.testcases.ContactsPageTest@4f7d0008]" name="validateCreateNewContact" duration-ms="3251" started-at="2018-12-23T19:31:15Z" finished-at="2018-12-23T19:31:18Z">
          <reporter-output>
          </reporter-output>
        </test-method> <!-- validateCreateNewContact -->
        <test-method status="PASS" signature="tearDown()[pri:0, instance:com.jcom.qa.testcases.ContactsPageTest@4f7d0008]" name="tearDown" is-config="true" duration-ms="106" started-at="2018-12-23T19:31:18Z" finished-at="2018-12-23T19:31:18Z">
          <reporter-output>
          </reporter-output>
        </test-method> <!-- tearDown -->
      </class> <!-- com.jcom.qa.testcases.ContactsPageTest -->
      <class name="com.jcom.qa.testcases.HomePageTest">
        <test-method status="PASS" signature="setUp()[pri:0, instance:com.jcom.qa.testcases.HomePageTest@553f17c]" name="setUp" is-config="true" duration-ms="6614" started-at="2018-12-23T19:29:04Z" finished-at="2018-12-23T19:29:11Z">
          <reporter-output>
          </reporter-output>
        </test-method> <!-- setUp -->
        <test-method status="PASS" signature="verifyHomePageTitleTest()[pri:1, instance:com.jcom.qa.testcases.HomePageTest@553f17c]" name="verifyHomePageTitleTest" duration-ms="15" started-at="2018-12-23T19:29:11Z" finished-at="2018-12-23T19:29:11Z">
          <reporter-output>
          </reporter-output>
        </test-method> <!-- verifyHomePageTitleTest -->
        <test-method status="PASS" signature="tearDown()[pri:0, instance:com.jcom.qa.testcases.HomePageTest@553f17c]" name="tearDown" is-config="true" duration-ms="122" started-at="2018-12-23T19:29:11Z" finished-at="2018-12-23T19:29:11Z">
          <reporter-output>
          </reporter-output>
        </test-method> <!-- tearDown -->
        <test-method status="PASS" signature="setUp()[pri:0, instance:com.jcom.qa.testcases.HomePageTest@553f17c]" name="setUp" is-config="true" duration-ms="5137" started-at="2018-12-23T19:29:35Z" finished-at="2018-12-23T19:29:40Z">
          <reporter-output>
          </reporter-output>
        </test-method> <!-- setUp -->
        <test-method status="FAIL" signature="verifyUserNameTest()[pri:2, instance:com.jcom.qa.testcases.HomePageTest@553f17c]" name="verifyUserNameTest" duration-ms="20449" started-at="2018-12-23T19:29:40Z" finished-at="2018-12-23T19:30:01Z">
          <exception class="org.openqa.selenium.NoSuchElementException">
            <message>
              <![CDATA[no such element: Unable to locate element: {"method":"xpath","selector":"//td[contains(text(),'User: Naveen K')]"}
  (Session info: chrome=71.0.3578.98)
  (Driver info: chromedriver=2.40.565386 (45a059dc425e08165f9a10324bd1380cc13ca363),platform=Mac OS X 10.13.6 x86_64) (WARNING: The server did not provide any stacktrace information)
Command duration or timeout: 0 milliseconds
For documentation on this error, please visit: https://www.seleniumhq.org/exceptions/no_such_element.html
Build info: version: '3.141.59', revision: 'e82be7d358', time: '2018-11-14T08:17:03'
System info: host: 'SreeniSeddysMBP.attlocal.net', ip: 'fe80:0:0:0:10a5:8062:de67:3f2f%en0', os.name: 'Mac OS X', os.arch: 'x86_64', os.version: '10.13.6', java.version: '1.8.0_171'
Driver info: org.openqa.selenium.chrome.ChromeDriver
Capabilities {acceptInsecureCerts: false, acceptSslCerts: false, applicationCacheEnabled: false, browserConnectionEnabled: false, browserName: chrome, chrome: {chromedriverVersion: 2.40.565386 (45a059dc425e08..., userDataDir: /var/folders/bx/dzg9ff9d1bn...}, cssSelectorsEnabled: true, databaseEnabled: false, handlesAlerts: true, hasTouchScreen: false, javascriptEnabled: true, locationContextEnabled: true, mobileEmulationEnabled: false, nativeEvents: true, networkConnectionEnabled: false, pageLoadStrategy: normal, platform: MAC, platformName: MAC, rotatable: false, setWindowRect: true, takesHeapSnapshot: true, takesScreenshot: true, unexpectedAlertBehaviour: , unhandledPromptBehavior: , version: 71.0.3578.98, webStorageEnabled: true}
Session ID: 181ebc56405e41e0f95d8b71f9031ec8
*** Element info: {Using=xpath, value=//td[contains(text(),'User: Naveen K')]}]]>
            </message>
            <full-stacktrace>
              <![CDATA[org.openqa.selenium.NoSuchElementException: no such element: Unable to locate element: {"method":"xpath","selector":"//td[contains(text(),'User: Naveen K')]"}
  (Session info: chrome=71.0.3578.98)
  (Driver info: chromedriver=2.40.565386 (45a059dc425e08165f9a10324bd1380cc13ca363),platform=Mac OS X 10.13.6 x86_64) (WARNING: The server did not provide any stacktrace information)
Command duration or timeout: 0 milliseconds
For documentation on this error, please visit: https://www.seleniumhq.org/exceptions/no_such_element.html
Build info: version: '3.141.59', revision: 'e82be7d358', time: '2018-11-14T08:17:03'
System info: host: 'SreeniSeddysMBP.attlocal.net', ip: 'fe80:0:0:0:10a5:8062:de67:3f2f%en0', os.name: 'Mac OS X', os.arch: 'x86_64', os.version: '10.13.6', java.version: '1.8.0_171'
Driver info: org.openqa.selenium.chrome.ChromeDriver
Capabilities {acceptInsecureCerts: false, acceptSslCerts: false, applicationCacheEnabled: false, browserConnectionEnabled: false, browserName: chrome, chrome: {chromedriverVersion: 2.40.565386 (45a059dc425e08..., userDataDir: /var/folders/bx/dzg9ff9d1bn...}, cssSelectorsEnabled: true, databaseEnabled: false, handlesAlerts: true, hasTouchScreen: false, javascriptEnabled: true, locationContextEnabled: true, mobileEmulationEnabled: false, nativeEvents: true, networkConnectionEnabled: false, pageLoadStrategy: normal, platform: MAC, platformName: MAC, rotatable: false, setWindowRect: true, takesHeapSnapshot: true, takesScreenshot: true, unexpectedAlertBehaviour: , unhandledPromptBehavior: , version: 71.0.3578.98, webStorageEnabled: true}
Session ID: 181ebc56405e41e0f95d8b71f9031ec8
*** Element info: {Using=xpath, value=//td[contains(text(),'User: Naveen K')]}
at sun.reflect.NativeConstructorAccessorImpl.newInstance0(Native Method)
at sun.reflect.NativeConstructorAccessorImpl.newInstance(NativeConstructorAccessorImpl.java:62)
at sun.reflect.DelegatingConstructorAccessorImpl.newInstance(DelegatingConstructorAccessorImpl.java:45)
at java.lang.reflect.Constructor.newInstance(Constructor.java:423)
at org.openqa.selenium.remote.ErrorHandler.createThrowable(ErrorHandler.java:214)
at org.openqa.selenium.remote.ErrorHandler.throwIfResponseFailed(ErrorHandler.java:166)
at org.openqa.selenium.remote.http.JsonHttpResponseCodec.reconstructValue(JsonHttpResponseCodec.java:40)
at org.openqa.selenium.remote.http.AbstractHttpResponseCodec.decode(AbstractHttpResponseCodec.java:80)
at org.openqa.selenium.remote.http.AbstractHttpResponseCodec.decode(AbstractHttpResponseCodec.java:44)
at org.openqa.selenium.remote.HttpCommandExecutor.execute(HttpCommandExecutor.java:158)
at org.openqa.selenium.remote.service.DriverCommandExecutor.execute(DriverCommandExecutor.java:83)
at org.openqa.selenium.remote.RemoteWebDriver.execute(RemoteWebDriver.java:552)
at org.openqa.selenium.remote.RemoteWebDriver.findElement(RemoteWebDriver.java:323)
at org.openqa.selenium.remote.RemoteWebDriver.findElementByXPath(RemoteWebDriver.java:428)
at org.openqa.selenium.By$ByXPath.findElement(By.java:353)
at org.openqa.selenium.remote.RemoteWebDriver.findElement(RemoteWebDriver.java:315)
at sun.reflect.NativeMethodAccessorImpl.invoke0(Native Method)
at sun.reflect.NativeMethodAccessorImpl.invoke(NativeMethodAccessorImpl.java:62)
at sun.reflect.DelegatingMethodAccessorImpl.invoke(DelegatingMethodAccessorImpl.java:43)
at java.lang.reflect.Method.invoke(Method.java:498)
at org.openqa.selenium.support.events.EventFiringWebDriver.lambda$new$1(EventFiringWebDriver.java:105)
at com.sun.proxy.$Proxy7.findElement(Unknown Source)
at org.openqa.selenium.support.events.EventFiringWebDriver.findElement(EventFiringWebDriver.java:194)
at org.openqa.selenium.support.pagefactory.DefaultElementLocator.findElement(DefaultElementLocator.java:69)
at org.openqa.selenium.support.pagefactory.internal.LocatingElementHandler.invoke(LocatingElementHandler.java:38)
at com.sun.proxy.$Proxy11.isDisplayed(Unknown Source)
at com.jcom.qa.pages.HomePage.verifyCorrectUserName(HomePage.java:41)
at com.jcom.qa.testcases.HomePageTest.verifyUserNameTest(HomePageTest.java:48)
at sun.reflect.NativeMethodAccessorImpl.invoke0(Native Method)
at sun.reflect.NativeMethodAccessorImpl.invoke(NativeMethodAccessorImpl.java:62)
at sun.reflect.DelegatingMethodAccessorImpl.invoke(DelegatingMethodAccessorImpl.java:43)
at java.lang.reflect.Method.invoke(Method.java:498)
at org.testng.internal.MethodInvocationHelper.invokeMethod(MethodInvocationHelper.java:124)
at org.testng.internal.Invoker.invokeMethod(Invoker.java:583)
at org.testng.internal.Invoker.invokeTestMethod(Invoker.java:719)
at org.testng.internal.Invoker.invokeTestMethods(Invoker.java:989)
at org.testng.internal.TestMethodWorker.invokeTestMethods(TestMethodWorker.java:125)
at org.testng.internal.TestMethodWorker.run(TestMethodWorker.java:109)
at org.testng.TestRunner.privateRun(TestRunner.java:648)
at org.testng.TestRunner.run(TestRunner.java:505)
at org.testng.SuiteRunner.runTest(SuiteRunner.java:455)
at org.testng.SuiteRunner.runSequentially(SuiteRunner.java:450)
at org.testng.SuiteRunner.privateRun(SuiteRunner.java:415)
at org.testng.SuiteRunner.run(SuiteRunner.java:364)
at org.testng.SuiteRunnerWorker.runSuite(SuiteRunnerWorker.java:52)
at org.testng.SuiteRunnerWorker.run(SuiteRunnerWorker.java:84)
at org.testng.TestNG.runSuitesSequentially(TestNG.java:1208)
at org.testng.TestNG.runSuitesLocally(TestNG.java:1137)
at org.testng.TestNG.runSuites(TestNG.java:1049)
at org.testng.TestNG.run(TestNG.java:1017)
at org.testng.remote.AbstractRemoteTestNG.run(AbstractRemoteTestNG.java:114)
at org.testng.remote.RemoteTestNG.initAndRun(RemoteTestNG.java:251)
at org.testng.remote.RemoteTestNG.main(RemoteTestNG.java:77)
]]>
            </full-stacktrace>
          </exception> <!-- org.openqa.selenium.NoSuchElementException -->
          <reporter-output>
          </reporter-output>
        </test-method> <!-- verifyUserNameTest -->
        <test-method status="PASS" signature="tearDown()[pri:0, instance:com.jcom.qa.testcases.HomePageTest@553f17c]" name="tearDown" is-config="true" duration-ms="108" started-at="2018-12-23T19:30:01Z" finished-at="2018-12-23T19:30:01Z">
          <reporter-output>
          </reporter-output>
        </test-method> <!-- tearDown -->
        <test-method status="PASS" signature="setUp()[pri:0, instance:com.jcom.qa.testcases.HomePageTest@553f17c]" name="setUp" is-config="true" duration-ms="4584" started-at="2018-12-23T19:30:27Z" finished-at="2018-12-23T19:30:32Z">
          <reporter-output>
          </reporter-output>
        </test-method> <!-- setUp -->
        <test-method status="PASS" signature="verifyContactsLinkTest()[pri:3, instance:com.jcom.qa.testcases.HomePageTest@553f17c]" name="verifyContactsLinkTest" duration-ms="1018" started-at="2018-12-23T19:30:32Z" finished-at="2018-12-23T19:30:33Z">
          <reporter-output>
          </reporter-output>
        </test-method> <!-- verifyContactsLinkTest -->
        <test-method status="PASS" signature="tearDown()[pri:0, instance:com.jcom.qa.testcases.HomePageTest@553f17c]" name="tearDown" is-config="true" duration-ms="102" started-at="2018-12-23T19:30:33Z" finished-at="2018-12-23T19:30:33Z">
          <reporter-output>
          </reporter-output>
        </test-method> <!-- tearDown -->
      </class> <!-- com.jcom.qa.testcases.HomePageTest -->
      <class name="com.jcom.qa.testcases.LoginPageTest">
        <test-method status="PASS" signature="setUp()[pri:0, instance:com.jcom.qa.testcases.LoginPageTest@5f341870]" name="setUp" is-config="true" duration-ms="2173" started-at="2018-12-23T19:29:33Z" finished-at="2018-12-23T19:29:35Z">
          <reporter-output>
          </reporter-output>
        </test-method> <!-- setUp -->
        <test-method status="PASS" signature="crmLogoImageTest()[pri:2, instance:com.jcom.qa.testcases.LoginPageTest@5f341870]" name="crmLogoImageTest" duration-ms="36" started-at="2018-12-23T19:29:35Z" finished-at="2018-12-23T19:29:35Z">
          <reporter-output>
          </reporter-output>
        </test-method> <!-- crmLogoImageTest -->
        <test-method status="PASS" signature="tearDown()[pri:0, instance:com.jcom.qa.testcases.LoginPageTest@5f341870]" name="tearDown" is-config="true" duration-ms="92" started-at="2018-12-23T19:29:35Z" finished-at="2018-12-23T19:29:35Z">
          <reporter-output>
          </reporter-output>
        </test-method> <!-- tearDown -->
        <test-method status="PASS" signature="setUp()[pri:0, instance:com.jcom.qa.testcases.LoginPageTest@5f341870]" name="setUp" is-config="true" duration-ms="2225" started-at="2018-12-23T19:30:22Z" finished-at="2018-12-23T19:30:24Z">
          <reporter-output>
          </reporter-output>
        </test-method> <!-- setUp -->
        <test-method status="PASS" signature="loginTest()[pri:3, instance:com.jcom.qa.testcases.LoginPageTest@5f341870]" name="loginTest" duration-ms="2469" started-at="2018-12-23T19:30:24Z" finished-at="2018-12-23T19:30:27Z">
          <reporter-output>
          </reporter-output>
        </test-method> <!-- loginTest -->
        <test-method status="PASS" signature="tearDown()[pri:0, instance:com.jcom.qa.testcases.LoginPageTest@5f341870]" name="tearDown" is-config="true" duration-ms="100" started-at="2018-12-23T19:30:27Z" finished-at="2018-12-23T19:30:27Z">
          <reporter-output>
          </reporter-output>
        </test-method> <!-- tearDown -->
      </class> <!-- com.jcom.qa.testcases.LoginPageTest -->
    </test> <!-- Free CRM Sreeni Tests -->
  </suite> <!-- FREE CRM Application Test Automation Test Suite -->
</testng-results>
