<?xml version="1.0" encoding="UTF-8"?>
<testng-results skipped="0" failed="0" ignored="0" total="2" passed="2">
  <reporter-output>
  </reporter-output>
  <suite name="Command line suite" duration-ms="30614" started-at="2018-12-23T19:56:01Z" finished-at="2018-12-23T19:56:31Z">
    <groups>
    </groups>
    <test name="Command line test" duration-ms="30614" started-at="2018-12-23T19:56:01Z" finished-at="2018-12-23T19:56:31Z">
      <class name="com.jcom.qa.testcases.ContactsPageTest">
        <test-method status="PASS" signature="setUp()[pri:0, instance:com.jcom.qa.testcases.ContactsPageTest@36f6e879]" name="setUp" is-config="true" duration-ms="25462" started-at="2018-12-23T19:56:01Z" finished-at="2018-12-23T19:56:26Z">
          <reporter-output>
          </reporter-output>
        </test-method> <!-- setUp -->
        <test-method status="PASS" signature="verifyContactsPageLabel()[pri:1, instance:com.jcom.qa.testcases.ContactsPageTest@36f6e879]" name="verifyContactsPageLabel" duration-ms="28" started-at="2018-12-23T19:56:26Z" finished-at="2018-12-23T19:56:26Z">
          <reporter-output>
          </reporter-output>
        </test-method> <!-- verifyContactsPageLabel -->
        <test-method status="PASS" signature="tearDown()[pri:0, instance:com.jcom.qa.testcases.ContactsPageTest@36f6e879]" name="tearDown" is-config="true" duration-ms="107" started-at="2018-12-23T19:56:26Z" finished-at="2018-12-23T19:56:26Z">
          <reporter-output>
          </reporter-output>
        </test-method> <!-- tearDown -->
      </class> <!-- com.jcom.qa.testcases.ContactsPageTest -->
      <class name="com.jcom.qa.testcases.HomePageTest">
        <test-method status="PASS" signature="setUp()[pri:0, instance:com.jcom.qa.testcases.HomePageTest@5a61f5df]" name="setUp" is-config="true" duration-ms="4894" started-at="2018-12-23T19:56:26Z" finished-at="2018-12-23T19:56:31Z">
          <reporter-output>
          </reporter-output>
        </test-method> <!-- setUp -->
        <test-method status="PASS" signature="verifyHomePageTitleTest()[pri:1, instance:com.jcom.qa.testcases.HomePageTest@5a61f5df]" name="verifyHomePageTitleTest" duration-ms="4" started-at="2018-12-23T19:56:31Z" finished-at="2018-12-23T19:56:31Z">
          <reporter-output>
          </reporter-output>
        </test-method> <!-- verifyHomePageTitleTest -->
        <test-method status="PASS" signature="tearDown()[pri:0, instance:com.jcom.qa.testcases.HomePageTest@5a61f5df]" name="tearDown" is-config="true" duration-ms="97" started-at="2018-12-23T19:56:31Z" finished-at="2018-12-23T19:56:31Z">
          <reporter-output>
          </reporter-output>
        </test-method> <!-- tearDown -->
      </class> <!-- com.jcom.qa.testcases.HomePageTest -->
    </test> <!-- Command line test -->
  </suite> <!-- Command line suite -->
</testng-results>
