<?xml version="1.0" encoding="UTF-8"?>
<!-- Generated by org.testng.reporters.JUnitXMLReporter -->
<testsuite hostname="SreeniSeddysMBP.attlocal.net" ignored="0" name="Command line test" tests="2" failures="0" timestamp="23 Dec 2018 19:56:31 GMT" time="30.614" errors="0">
  <testcase name="verifyContactsPageLabel" time="0.028" classname="com.jcom.qa.testcases.ContactsPageTest"/>
  <testcase name="verifyHomePageTitleTest" time="0.004" classname="com.jcom.qa.testcases.HomePageTest"/>
</testsuite> <!-- Command line test -->
